<?xml version="1.0" encoding="UTF-8"?>
<testsuite name="TestNamedArguments" tests="1" skipped="0" failures="0" errors="0" timestamp="2019-01-17T06:24:13" hostname="Prize-PC204" time="0.03">
  <properties/>
  <testcase name="testJoinToString" classname="TestNamedArguments" time="0.03"/>
  <system-out><![CDATA[]]></system-out>
  <system-err><![CDATA[]]></system-err>
</testsuite>
