<?xml version="1.0" encoding="UTF-8"?>
<testsuite name="TestDataClasses" tests="1" skipped="0" failures="0" errors="0" timestamp="2019-01-17T06:58:39" hostname="Prize-PC204" time="0.021">
  <properties/>
  <testcase name="testListOfPeople" classname="TestDataClasses" time="0.021"/>
  <system-out><![CDATA[]]></system-out>
  <system-err><![CDATA[]]></system-err>
</testsuite>
